  Automatic MOC for target MIG-Monitor
  Generating ui_mainwindow.h
  Generating ui_savesetdialog.h
  Automatic RCC for resources/rcc.qrc
  Building Custom Rule E:/MIG-Monitor/CMakeLists.txt
  mocs_compilation.cpp
  camerathread.cpp
  controlthread.cpp
  imageconverter.cpp
E:\MIG-Monitor\src\imageconverter.cpp(27): warning C4267: “参数”: 从“size_t”转换到“int”，可能丢失数据
E:\MIG-Monitor\src\imageconverter.cpp(51): warning C4267: “参数”: 从“size_t”转换到“int”，可能丢失数据
  main.cpp
  mainwindow.cpp
E:\MIG-Monitor\src\mainwindow.cpp(104): warning C4996: 'QtCharts::QChart::setAxisX': 被声明为已否决
  d:\qt\5.12.3\msvc2017_64\include\qtcharts\qchart.h(107): note: 参见“QtCharts::QChart::setAxisX”的声明
E:\MIG-Monitor\src\mainwindow.cpp(105): warning C4996: 'QtCharts::QChart::setAxisY': 被声明为已否决
  d:\qt\5.12.3\msvc2017_64\include\qtcharts\qchart.h(108): note: 参见“QtCharts::QChart::setAxisY”的声明
E:\MIG-Monitor\src\mainwindow.cpp(130): warning C4996: 'QtCharts::QChart::setAxisX': 被声明为已否决
  d:\qt\5.12.3\msvc2017_64\include\qtcharts\qchart.h(107): note: 参见“QtCharts::QChart::setAxisX”的声明
E:\MIG-Monitor\src\mainwindow.cpp(131): warning C4996: 'QtCharts::QChart::setAxisY': 被声明为已否决
  d:\qt\5.12.3\msvc2017_64\include\qtcharts\qchart.h(108): note: 参见“QtCharts::QChart::setAxisY”的声明
E:\MIG-Monitor\src\mainwindow.cpp(325): warning C4996: 'localtime': This function or variable may be unsafe. Consider using localtime_s instead. To disable deprecation, use _CRT_SECURE_NO_WARNINGS. See online help for details.
  C:\Program Files (x86)\Windows Kits\10\Include\10.0.17763.0\ucrt\time.h(506): note: 参见“localtime”的声明
E:\MIG-Monitor\src\mainwindow.cpp(327): warning C4996: 'mkdir': The POSIX name for this item is deprecated. Instead, use the ISO C and C++ conformant name: _mkdir. See online help for details.
  C:\Program Files (x86)\Windows Kits\10\Include\10.0.17763.0\ucrt\direct.h(111): note: 参见“mkdir”的声明
  processthread.cpp
E:\MIG-Monitor\src\processthread.cpp(135): warning C4267: “参数”: 从“size_t”转换到“_Tp”，可能丢失数据
          with
          [
              _Tp=int
          ]
  qrc_rcc.cpp
  正在生成代码...
  MIG-Monitor.vcxproj -> E:\MIG-Monitor\bin\Debug\MIG-Monitor.exe
